d:\development\vahan\bst\x64\release\binarysearchtree.ipdb
d:\development\vahan\bst\x64\release\binarysearchtree.iobj
d:\vahan\bst\x64\release\binarysearchtree.ipdb
d:\vahan\bst\x64\release\binarysearchtree.iobj
d:\vahan\bst\x64\release\initializer_list_4j6b1z4tmdw2wbo9.ifc
d:\vahan\bst\x64\release\initializer_list_4j6b1z4tmdw2wbo9.ifc.d.json
d:\vahan\bst\x64\release\initializer_list_4j6b1z4tmdw2wbo9.obj
d:\vahan\bst\x64\release\string_ep2912u0y5dnk4hd.ifc
d:\vahan\bst\x64\release\string_ep2912u0y5dnk4hd.ifc.d.json
d:\vahan\bst\x64\release\string_ep2912u0y5dnk4hd.obj
d:\vahan\bst\x64\release\std.ixx.ifc
d:\vahan\bst\x64\release\std.ixx.ifc.d.json
d:\vahan\bst\x64\release\std.ixx.obj
d:\vahan\bst\x64\release\vector_29fz3caw6o70k6kj.ifc
d:\vahan\bst\x64\release\vector_29fz3caw6o70k6kj.ifc.d.json
d:\vahan\bst\x64\release\vector_29fz3caw6o70k6kj.obj
d:\vahan\bst\x64\release\std.compat.ixx.ifc
d:\vahan\bst\x64\release\std.compat.ixx.ifc.d.json
d:\vahan\bst\x64\release\std.compat.ixx.obj
d:\vahan\bst\x64\release\binarysearchtree.h_jacdk0a8mef7lr71.ifc
d:\vahan\bst\x64\release\binarysearchtree.h_jacdk0a8mef7lr71.ifc.d.json
d:\vahan\bst\x64\release\binarysearchtree.h_jacdk0a8mef7lr71.obj
d:\vahan\bst\x64\release\binarysearchtree.cpp.ifc
d:\vahan\bst\x64\release\binarysearchtree.cpp.ifc.d.json
d:\vahan\bst\x64\release\binarysearchtree.cpp.obj
d:\vahan\bst\x64\release\main.cpp.ifc
d:\vahan\bst\x64\release\main.cpp.ifc.d.json
d:\vahan\bst\x64\release\main.cpp.obj
d:\development\vahan\bst\x64\release\initializer_list_siz2tdu3fg3udje6.module.json
d:\development\vahan\bst\x64\release\string_sbkud8wnbcfe85hh.module.json
d:\development\vahan\bst\x64\release\vector_6ezalsf1qq9pmxrf.module.json
d:\development\vahan\bst\x64\release\binarysearchtree.h_wy38ee1lu2jj80r0.module.json
d:\development\vahan\bst\x64\release\main.cpp.module.json
d:\development\vahan\bst\x64\release\binarysearchtree.cpp.module.json
d:\vahan\bst\x64\release\std.compat.ixx.module.json
d:\vahan\bst\x64\release\std.ixx.module.json
d:\vahan\bst\x64\release\vector_29fz3caw6o70k6kj.module.json
d:\vahan\bst\x64\release\string_ep2912u0y5dnk4hd.module.json
d:\vahan\bst\x64\release\initializer_list_4j6b1z4tmdw2wbo9.module.json
d:\vahan\bst\x64\release\main.cpp.module.json
d:\vahan\bst\x64\release\binarysearchtree.cpp.module.json
d:\vahan\bst\x64\release\binarysearchtree.h_jacdk0a8mef7lr71.module.json
d:\vahan\bst\x64\release\binarysearchtree.h_wy38ee1lu2jj80r0.obj
d:\vahan\bst\x64\release\binarysearchtree.obj
d:\vahan\bst\x64\release\initializer_list_siz2tdu3fg3udje6.obj
d:\vahan\bst\x64\release\string_sbkud8wnbcfe85hh.obj
d:\vahan\bst\x64\release\vector_6ezalsf1qq9pmxrf.obj
d:\vahan\bst\x64\release\binarysearchtree.pdb
d:\vahan\bst\x64\release\vc142.pdb
d:\vahan\bst\x64\release\vc143.pdb
d:\vahan\bst\x64\release\binarysearchtree.tlog\binarysearchtree.write.1u.tlog
d:\vahan\bst\x64\release\binarysearchtree.tlog\cl.command.1.tlog
d:\vahan\bst\x64\release\binarysearchtree.tlog\cl.items.tlog
d:\vahan\bst\x64\release\binarysearchtree.tlog\link.command.1.tlog
d:\vahan\bst\x64\release\binarysearchtree.tlog\link.read.1.tlog
d:\vahan\bst\x64\release\binarysearchtree.tlog\link.write.1.tlog
d:\vahan\bst\x64\release\binarysearchtree.tlog\link.write.2u.tlog
d:\vahan\bst\x64\release\binarysearchtree.tlog\microsoft.build.cpptasks.cl.read.1.tlog
d:\vahan\bst\x64\release\binarysearchtree.tlog\microsoft.build.cpptasks.cl.write.1.tlog
d:\vahan\bst\x64\release\binarysearchtree_md.tlog\cl.command.1.tlog
d:\vahan\bst\x64\release\binarysearchtree_md.tlog\microsoft.build.cpptasks.cl.read.1.tlog
d:\vahan\bst\x64\release\binarysearchtree_md.tlog\microsoft.build.cpptasks.cl.write.1.tlog
